2025/11/16 09:57:20 Mongo connected: mongodb://127.0.0.1:27017 db: leblanc
[GIN-debug] [WARNING] Creating an Engine instance with the Logger and Recovery middleware already attached.

[GIN-debug] [WARNING] Running in "debug" mode. Switch to "release" mode in production.
 - using env:	export GIN_MODE=release
 - using code:	gin.SetMode(gin.ReleaseMode)

[GIN-debug] GET    /                         --> main.main.func1 (4 handlers)
[GIN-debug] GET    /drinks                   --> leblanc/server/internal/handlers.GetDrinks (4 handlers)
[GIN-debug] GET    /graphql                  --> leblanc/server/internal/handlers.GraphQLHandler.func2 (4 handlers)
[GIN-debug] POST   /graphql                  --> leblanc/server/internal/handlers.GraphQLHandler.func2 (4 handlers)
[GIN-debug] PUT    /graphql                  --> leblanc/server/internal/handlers.GraphQLHandler.func2 (4 handlers)
[GIN-debug] PATCH  /graphql                  --> leblanc/server/internal/handlers.GraphQLHandler.func2 (4 handlers)
[GIN-debug] HEAD   /graphql                  --> leblanc/server/internal/handlers.GraphQLHandler.func2 (4 handlers)
[GIN-debug] OPTIONS /graphql                  --> leblanc/server/internal/handlers.GraphQLHandler.func2 (4 handlers)
[GIN-debug] DELETE /graphql                  --> leblanc/server/internal/handlers.GraphQLHandler.func2 (4 handlers)
[GIN-debug] CONNECT /graphql                  --> leblanc/server/internal/handlers.GraphQLHandler.func2 (4 handlers)
[GIN-debug] TRACE  /graphql                  --> leblanc/server/internal/handlers.GraphQLHandler.func2 (4 handlers)
[GIN-debug] POST   /reco/from-features       --> leblanc/server/internal/handlers.RecoFromFeatures (4 handlers)
[GIN-debug] POST   /bookings                 --> leblanc/server/internal/handlers.CreateBooking (4 handlers)
2025/11/16 09:57:20 Server listening on http://localhost:4000
[GIN-debug] [WARNING] You trusted all proxies, this is NOT safe. We recommend you to set a value.
Please check https://pkg.go.dev/github.com/gin-gonic/gin#readme-don-t-trust-all-proxies for details.
[GIN-debug] Listening and serving HTTP on :4000
